<?xml version="1.0" encoding="UTF-8"?>
<testsuite xmlns:xsi="http://www.w3.org/2001/XMLSchema-instance" xsi:noNamespaceSchemaLocation="https://maven.apache.org/surefire/maven-surefire-plugin/xsd/surefire-test-report-3.0.xsd" version="3.0" name="com.devopsdemo.utilities.TestGenericResourceBundle" time="0.009" tests="8" errors="0" skipped="0" failures="0">
  <properties>
    <property name="java.specification.version" value="24"/>
    <property name="sun.jnu.encoding" value="UTF-8"/>
    <property name="java.class.path" value="/Users/nareshwar/gitrepos/samplejavaapp/target/test-classes:/Users/nareshwar/gitrepos/samplejavaapp/target/classes:/Users/nareshwar/.m2/repository/com/vaadin/vaadin/24.1.0/vaadin-24.1.0.jar:/Users/nareshwar/.m2/repository/com/vaadin/vaadin-internal/24.1.0/vaadin-internal-24.1.0.jar:/Users/nareshwar/.m2/repository/com/vaadin/vaadin-core-internal/24.1.0/vaadin-core-internal-24.1.0.jar:/Users/nareshwar/.m2/repository/com/vaadin/flow-server/24.1.0/flow-server-24.1.0.jar:/Users/nareshwar/.m2/repository/com/vaadin/servletdetector/throw-if-servlet3/1.0.2/throw-if-servlet3-1.0.2.jar:/Users/nareshwar/.m2/repository/org/slf4j/slf4j-api/2.0.7/slf4j-api-2.0.7.jar:/Users/nareshwar/.m2/repository/com/vaadin/external/gwt/gwt-elemental/2.8.2.vaadin2/gwt-elemental-2.8.2.vaadin2.jar:/Users/nareshwar/.m2/repository/com/vaadin/flow-commons-upload/24.1.0/flow-commons-upload-24.1.0.jar:/Users/nareshwar/.m2/repository/commons-io/commons-io/2.11.0/commons-io-2.11.0.jar:/Users/nareshwar/.m2/repository/com/fasterxml/jackson/core/jackson-core/2.15.2/jackson-core-2.15.2.jar:/Users/nareshwar/.m2/repository/org/jsoup/jsoup/1.16.1/jsoup-1.16.1.jar:/Users/nareshwar/.m2/repository/com/helger/ph-css/7.0.0/ph-css-7.0.0.jar:/Users/nareshwar/.m2/repository/com/helger/commons/ph-commons/11.0.1/ph-commons-11.0.1.jar:/Users/nareshwar/.m2/repository/com/google/code/findbugs/jsr305/3.0.2/jsr305-3.0.2.jar:/Users/nareshwar/.m2/repository/org/ow2/asm/asm/9.5/asm-9.5.jar:/Users/nareshwar/.m2/repository/com/vaadin/external/gentyref/1.2.0.vaadin1/gentyref-1.2.0.vaadin1.jar:/Users/nareshwar/.m2/repository/org/apache/commons/commons-compress/1.23.0/commons-compress-1.23.0.jar:/Users/nareshwar/.m2/repository/org/apache/httpcomponents/httpclient/4.5.14/httpclient-4.5.14.jar:/Users/nareshwar/.m2/repository/org/apache/httpcomponents/httpcore/4.4.16/httpcore-4.4.16.jar:/Users/nareshwar/.m2/repository/commons-logging/commons-logging/1.2/commons-logging-1.2.jar:/Users/nareshwar/.m2/repository/commons-codec/commons-codec/1.15/commons-codec-1.15.jar:/Users/nareshwar/.m2/repository/com/vaadin/flow-lit-template/24.1.0/flow-lit-template-24.1.0.jar:/Users/nareshwar/.m2/repository/com/vaadin/flow-push/24.1.0/flow-push-24.1.0.jar:/Users/nareshwar/.m2/repository/com/vaadin/external/atmosphere/atmosphere-runtime/3.0.3.slf4jvaadin1/atmosphere-runtime-3.0.3.slf4jvaadin1.jar:/Users/nareshwar/.m2/repository/com/vaadin/flow-client/24.1.0/flow-client-24.1.0.jar:/Users/nareshwar/.m2/repository/com/vaadin/flow-html-components/24.1.0/flow-html-components-24.1.0.jar:/Users/nareshwar/.m2/repository/com/vaadin/flow-data/24.1.0/flow-data-24.1.0.jar:/Users/nareshwar/.m2/repository/com/vaadin/flow-dnd/24.1.0/flow-dnd-24.1.0.jar:/Users/nareshwar/.m2/repository/com/vaadin/vaadin-lumo-theme/24.1.0/vaadin-lumo-theme-24.1.0.jar:/Users/nareshwar/.m2/repository/com/vaadin/vaadin-material-theme/24.1.0/vaadin-material-theme-24.1.0.jar:/Users/nareshwar/.m2/repository/com/vaadin/vaadin-accordion-flow/24.1.0/vaadin-accordion-flow-24.1.0.jar:/Users/nareshwar/.m2/repository/com/vaadin/vaadin-avatar-flow/24.1.0/vaadin-avatar-flow-24.1.0.jar:/Users/nareshwar/.m2/repository/com/vaadin/vaadin-button-flow/24.1.0/vaadin-button-flow-24.1.0.jar:/Users/nareshwar/.m2/repository/com/vaadin/vaadin-checkbox-flow/24.1.0/vaadin-checkbox-flow-24.1.0.jar:/Users/nareshwar/.m2/repository/com/vaadin/vaadin-combo-box-flow/24.1.0/vaadin-combo-box-flow-24.1.0.jar:/Users/nareshwar/.m2/repository/com/vaadin/vaadin-confirm-dialog-flow/24.1.0/vaadin-confirm-dialog-flow-24.1.0.jar:/Users/nareshwar/.m2/repository/com/vaadin/vaadin-custom-field-flow/24.1.0/vaadin-custom-field-flow-24.1.0.jar:/Users/nareshwar/.m2/repository/com/vaadin/vaadin-date-picker-flow/24.1.0/vaadin-date-picker-flow-24.1.0.jar:/Users/nareshwar/.m2/repository/com/vaadin/vaadin-date-time-picker-flow/24.1.0/vaadin-date-time-picker-flow-24.1.0.jar:/Users/nareshwar/.m2/repository/com/vaadin/vaadin-details-flow/24.1.0/vaadin-details-flow-24.1.0.jar:/Users/nareshwar/.m2/repository/com/vaadin/vaadin-time-picker-flow/24.1.0/vaadin-time-picker-flow-24.1.0.jar:/Users/nareshwar/.m2/repository/com/vaadin/vaadin-select-flow/24.1.0/vaadin-select-flow-24.1.0.jar:/Users/nareshwar/.m2/repository/com/vaadin/vaadin-side-nav-flow/24.1.0/vaadin-side-nav-flow-24.1.0.jar:/Users/nareshwar/.m2/repository/com/vaadin/vaadin-dialog-flow/24.1.0/vaadin-dialog-flow-24.1.0.jar:/Users/nareshwar/.m2/repository/com/vaadin/vaadin-form-layout-flow/24.1.0/vaadin-form-layout-flow-24.1.0.jar:/Users/nareshwar/.m2/repository/com/vaadin/vaadin-field-highlighter-flow/24.1.0/vaadin-field-highlighter-flow-24.1.0.jar:/Users/nareshwar/.m2/repository/com/vaadin/vaadin-grid-flow/24.1.0/vaadin-grid-flow-24.1.0.jar:/Users/nareshwar/.m2/repository/com/vaadin/vaadin-icons-flow/24.1.0/vaadin-icons-flow-24.1.0.jar:/Users/nareshwar/.m2/repository/com/vaadin/vaadin-virtual-list-flow/24.1.0/vaadin-virtual-list-flow-24.1.0.jar:/Users/nareshwar/.m2/repository/com/vaadin/vaadin-list-box-flow/24.1.0/vaadin-list-box-flow-24.1.0.jar:/Users/nareshwar/.m2/repository/com/vaadin/vaadin-login-flow/24.1.0/vaadin-login-flow-24.1.0.jar:/Users/nareshwar/.m2/repository/com/vaadin/vaadin-messages-flow/24.1.0/vaadin-messages-flow-24.1.0.jar:/Users/nareshwar/.m2/repository/com/vaadin/vaadin-ordered-layout-flow/24.1.0/vaadin-ordered-layout-flow-24.1.0.jar:/Users/nareshwar/.m2/repository/com/vaadin/vaadin-progress-bar-flow/24.1.0/vaadin-progress-bar-flow-24.1.0.jar:/Users/nareshwar/.m2/repository/com/vaadin/vaadin-radio-button-flow/24.1.0/vaadin-radio-button-flow-24.1.0.jar:/Users/nareshwar/.m2/repository/com/vaadin/vaadin-renderer-flow/24.1.0/vaadin-renderer-flow-24.1.0.jar:/Users/nareshwar/.m2/repository/com/vaadin/vaadin-split-layout-flow/24.1.0/vaadin-split-layout-flow-24.1.0.jar:/Users/nareshwar/.m2/repository/com/vaadin/vaadin-tabs-flow/24.1.0/vaadin-tabs-flow-24.1.0.jar:/Users/nareshwar/.m2/repository/com/vaadin/vaadin-text-field-flow/24.1.0/vaadin-text-field-flow-24.1.0.jar:/Users/nareshwar/.m2/repository/com/vaadin/vaadin-upload-flow/24.1.0/vaadin-upload-flow-24.1.0.jar:/Users/nareshwar/.m2/repository/com/vaadin/vaadin-notification-flow/24.1.0/vaadin-notification-flow-24.1.0.jar:/Users/nareshwar/.m2/repository/com/vaadin/vaadin-app-layout-flow/24.1.0/vaadin-app-layout-flow-24.1.0.jar:/Users/nareshwar/.m2/repository/com/vaadin/vaadin-context-menu-flow/24.1.0/vaadin-context-menu-flow-24.1.0.jar:/Users/nareshwar/.m2/repository/com/vaadin/vaadin-menu-bar-flow/24.1.0/vaadin-menu-bar-flow-24.1.0.jar:/Users/nareshwar/.m2/repository/com/vaadin/vaadin-board-flow/24.1.0/vaadin-board-flow-24.1.0.jar:/Users/nareshwar/.m2/repository/com/vaadin/vaadin-charts-flow/24.1.0/vaadin-charts-flow-24.1.0.jar:/Users/nareshwar/.m2/repository/com/vaadin/vaadin-cookie-consent-flow/24.1.0/vaadin-cookie-consent-flow-24.1.0.jar:/Users/nareshwar/.m2/repository/com/vaadin/vaadin-crud-flow/24.1.0/vaadin-crud-flow-24.1.0.jar:/Users/nareshwar/.m2/repository/com/vaadin/vaadin-flow-components-base/24.1.0/vaadin-flow-components-base-24.1.0.jar:/Users/nareshwar/.m2/repository/com/vaadin/vaadin-grid-pro-flow/24.1.0/vaadin-grid-pro-flow-24.1.0.jar:/Users/nareshwar/.m2/repository/com/vaadin/vaadin-map-flow/24.1.0/vaadin-map-flow-24.1.0.jar:/Users/nareshwar/.m2/repository/com/vaadin/vaadin-rich-text-editor-flow/24.1.0/vaadin-rich-text-editor-flow-24.1.0.jar:/Users/nareshwar/.m2/repository/com/vaadin/collaboration-engine/6.0.0/collaboration-engine-6.0.0.jar:/Users/nareshwar/.m2/repository/com/fasterxml/jackson/core/jackson-databind/2.14.1/jackson-databind-2.14.1.jar:/Users/nareshwar/.m2/repository/com/fasterxml/jackson/core/jackson-annotations/2.14.1/jackson-annotations-2.14.1.jar:/Users/nareshwar/.m2/repository/com/fasterxml/jackson/datatype/jackson-datatype-jsr310/2.14.1/jackson-datatype-jsr310-2.14.1.jar:/Users/nareshwar/.m2/repository/com/vaadin/license-checker/1.12.0/license-checker-1.12.0.jar:/Users/nareshwar/.m2/repository/com/github/oshi/oshi-core/6.4.0/oshi-core-6.4.0.jar:/Users/nareshwar/.m2/repository/net/java/dev/jna/jna/5.12.1/jna-5.12.1.jar:/Users/nareshwar/.m2/repository/net/java/dev/jna/jna-platform/5.12.1/jna-platform-5.12.1.jar:/Users/nareshwar/.m2/repository/com/nimbusds/nimbus-jose-jwt/9.23/nimbus-jose-jwt-9.23.jar:/Users/nareshwar/.m2/repository/org/lucee/jcip-annotations/1.0.0/jcip-annotations-1.0.0.jar:/Users/nareshwar/.m2/repository/com/vaadin/open/8.5.0/open-8.5.0.jar:/Users/nareshwar/.m2/repository/com/vaadin/vaadin-core/24.1.0/vaadin-core-24.1.0.jar:/Users/nareshwar/.m2/repository/com/vaadin/vaadin-dev/24.1.0/vaadin-dev-24.1.0.jar:/Users/nareshwar/.m2/repository/com/vaadin/vaadin-dev-server/24.1.0/vaadin-dev-server-24.1.0.jar:/Users/nareshwar/.m2/repository/com/github/javaparser/javaparser-core/3.25.3/javaparser-core-3.25.3.jar:/Users/nareshwar/.m2/repository/io/methvin/directory-watcher/0.18.0/directory-watcher-0.18.0.jar:/Users/nareshwar/.m2/repository/com/vaadin/vaadin-dev-bundle/24.1.0/vaadin-dev-bundle-24.1.0.jar:/Users/nareshwar/.m2/repository/jakarta/servlet/jakarta.servlet-api/6.0.0/jakarta.servlet-api-6.0.0.jar:/Users/nareshwar/.m2/repository/org/apache/logging/log4j/log4j-api/2.20.0/log4j-api-2.20.0.jar:/Users/nareshwar/.m2/repository/org/apache/logging/log4j/log4j-core/2.20.0/log4j-core-2.20.0.jar:/Users/nareshwar/.m2/repository/org/junit/jupiter/junit-jupiter/5.10.0/junit-jupiter-5.10.0.jar:/Users/nareshwar/.m2/repository/org/junit/jupiter/junit-jupiter-api/5.10.0/junit-jupiter-api-5.10.0.jar:/Users/nareshwar/.m2/repository/org/opentest4j/opentest4j/1.3.0/opentest4j-1.3.0.jar:/Users/nareshwar/.m2/repository/org/junit/platform/junit-platform-commons/1.10.0/junit-platform-commons-1.10.0.jar:/Users/nareshwar/.m2/repository/org/apiguardian/apiguardian-api/1.1.2/apiguardian-api-1.1.2.jar:/Users/nareshwar/.m2/repository/org/junit/jupiter/junit-jupiter-params/5.10.0/junit-jupiter-params-5.10.0.jar:/Users/nareshwar/.m2/repository/org/junit/jupiter/junit-jupiter-engine/5.10.0/junit-jupiter-engine-5.10.0.jar:/Users/nareshwar/.m2/repository/org/junit/platform/junit-platform-engine/1.10.0/junit-platform-engine-1.10.0.jar:/Users/nareshwar/.m2/repository/org/apache/commons/commons-lang3/3.12.0/commons-lang3-3.12.0.jar:"/>
    <property name="java.vm.vendor" value="Homebrew"/>
    <property name="sun.arch.data.model" value="64"/>
    <property name="java.vendor.url" value="https://github.com/Homebrew/homebrew-core/issues"/>
    <property name="user.timezone" value="Asia/Kolkata"/>
    <property name="os.name" value="Mac OS X"/>
    <property name="java.vm.specification.version" value="24"/>
    <property name="sun.java.launcher" value="SUN_STANDARD"/>
    <property name="user.country" value="IN"/>
    <property name="sun.boot.library.path" value="/opt/homebrew/Cellar/openjdk/24.0.1/libexec/openjdk.jdk/Contents/Home/lib"/>
    <property name="sun.java.command" value="/Users/nareshwar/gitrepos/samplejavaapp/target/surefire/surefirebooter-20250726145058622_3.jar /Users/nareshwar/gitrepos/samplejavaapp/target/surefire 2025-07-26T14-50-58_563-jvmRun1 surefire-20250726145058622_1tmp surefire_0-20250726145058622_2tmp"/>
    <property name="http.nonProxyHosts" value="local|*.local|169.254/16|*.169.254/16"/>
    <property name="jdk.debug" value="release"/>
    <property name="surefire.test.class.path" value="/Users/nareshwar/gitrepos/samplejavaapp/target/test-classes:/Users/nareshwar/gitrepos/samplejavaapp/target/classes:/Users/nareshwar/.m2/repository/com/vaadin/vaadin/24.1.0/vaadin-24.1.0.jar:/Users/nareshwar/.m2/repository/com/vaadin/vaadin-internal/24.1.0/vaadin-internal-24.1.0.jar:/Users/nareshwar/.m2/repository/com/vaadin/vaadin-core-internal/24.1.0/vaadin-core-internal-24.1.0.jar:/Users/nareshwar/.m2/repository/com/vaadin/flow-server/24.1.0/flow-server-24.1.0.jar:/Users/nareshwar/.m2/repository/com/vaadin/servletdetector/throw-if-servlet3/1.0.2/throw-if-servlet3-1.0.2.jar:/Users/nareshwar/.m2/repository/org/slf4j/slf4j-api/2.0.7/slf4j-api-2.0.7.jar:/Users/nareshwar/.m2/repository/com/vaadin/external/gwt/gwt-elemental/2.8.2.vaadin2/gwt-elemental-2.8.2.vaadin2.jar:/Users/nareshwar/.m2/repository/com/vaadin/flow-commons-upload/24.1.0/flow-commons-upload-24.1.0.jar:/Users/nareshwar/.m2/repository/commons-io/commons-io/2.11.0/commons-io-2.11.0.jar:/Users/nareshwar/.m2/repository/com/fasterxml/jackson/core/jackson-core/2.15.2/jackson-core-2.15.2.jar:/Users/nareshwar/.m2/repository/org/jsoup/jsoup/1.16.1/jsoup-1.16.1.jar:/Users/nareshwar/.m2/repository/com/helger/ph-css/7.0.0/ph-css-7.0.0.jar:/Users/nareshwar/.m2/repository/com/helger/commons/ph-commons/11.0.1/ph-commons-11.0.1.jar:/Users/nareshwar/.m2/repository/com/google/code/findbugs/jsr305/3.0.2/jsr305-3.0.2.jar:/Users/nareshwar/.m2/repository/org/ow2/asm/asm/9.5/asm-9.5.jar:/Users/nareshwar/.m2/repository/com/vaadin/external/gentyref/1.2.0.vaadin1/gentyref-1.2.0.vaadin1.jar:/Users/nareshwar/.m2/repository/org/apache/commons/commons-compress/1.23.0/commons-compress-1.23.0.jar:/Users/nareshwar/.m2/repository/org/apache/httpcomponents/httpclient/4.5.14/httpclient-4.5.14.jar:/Users/nareshwar/.m2/repository/org/apache/httpcomponents/httpcore/4.4.16/httpcore-4.4.16.jar:/Users/nareshwar/.m2/repository/commons-logging/commons-logging/1.2/commons-logging-1.2.jar:/Users/nareshwar/.m2/repository/commons-codec/commons-codec/1.15/commons-codec-1.15.jar:/Users/nareshwar/.m2/repository/com/vaadin/flow-lit-template/24.1.0/flow-lit-template-24.1.0.jar:/Users/nareshwar/.m2/repository/com/vaadin/flow-push/24.1.0/flow-push-24.1.0.jar:/Users/nareshwar/.m2/repository/com/vaadin/external/atmosphere/atmosphere-runtime/3.0.3.slf4jvaadin1/atmosphere-runtime-3.0.3.slf4jvaadin1.jar:/Users/nareshwar/.m2/repository/com/vaadin/flow-client/24.1.0/flow-client-24.1.0.jar:/Users/nareshwar/.m2/repository/com/vaadin/flow-html-components/24.1.0/flow-html-components-24.1.0.jar:/Users/nareshwar/.m2/repository/com/vaadin/flow-data/24.1.0/flow-data-24.1.0.jar:/Users/nareshwar/.m2/repository/com/vaadin/flow-dnd/24.1.0/flow-dnd-24.1.0.jar:/Users/nareshwar/.m2/repository/com/vaadin/vaadin-lumo-theme/24.1.0/vaadin-lumo-theme-24.1.0.jar:/Users/nareshwar/.m2/repository/com/vaadin/vaadin-material-theme/24.1.0/vaadin-material-theme-24.1.0.jar:/Users/nareshwar/.m2/repository/com/vaadin/vaadin-accordion-flow/24.1.0/vaadin-accordion-flow-24.1.0.jar:/Users/nareshwar/.m2/repository/com/vaadin/vaadin-avatar-flow/24.1.0/vaadin-avatar-flow-24.1.0.jar:/Users/nareshwar/.m2/repository/com/vaadin/vaadin-button-flow/24.1.0/vaadin-button-flow-24.1.0.jar:/Users/nareshwar/.m2/repository/com/vaadin/vaadin-checkbox-flow/24.1.0/vaadin-checkbox-flow-24.1.0.jar:/Users/nareshwar/.m2/repository/com/vaadin/vaadin-combo-box-flow/24.1.0/vaadin-combo-box-flow-24.1.0.jar:/Users/nareshwar/.m2/repository/com/vaadin/vaadin-confirm-dialog-flow/24.1.0/vaadin-confirm-dialog-flow-24.1.0.jar:/Users/nareshwar/.m2/repository/com/vaadin/vaadin-custom-field-flow/24.1.0/vaadin-custom-field-flow-24.1.0.jar:/Users/nareshwar/.m2/repository/com/vaadin/vaadin-date-picker-flow/24.1.0/vaadin-date-picker-flow-24.1.0.jar:/Users/nareshwar/.m2/repository/com/vaadin/vaadin-date-time-picker-flow/24.1.0/vaadin-date-time-picker-flow-24.1.0.jar:/Users/nareshwar/.m2/repository/com/vaadin/vaadin-details-flow/24.1.0/vaadin-details-flow-24.1.0.jar:/Users/nareshwar/.m2/repository/com/vaadin/vaadin-time-picker-flow/24.1.0/vaadin-time-picker-flow-24.1.0.jar:/Users/nareshwar/.m2/repository/com/vaadin/vaadin-select-flow/24.1.0/vaadin-select-flow-24.1.0.jar:/Users/nareshwar/.m2/repository/com/vaadin/vaadin-side-nav-flow/24.1.0/vaadin-side-nav-flow-24.1.0.jar:/Users/nareshwar/.m2/repository/com/vaadin/vaadin-dialog-flow/24.1.0/vaadin-dialog-flow-24.1.0.jar:/Users/nareshwar/.m2/repository/com/vaadin/vaadin-form-layout-flow/24.1.0/vaadin-form-layout-flow-24.1.0.jar:/Users/nareshwar/.m2/repository/com/vaadin/vaadin-field-highlighter-flow/24.1.0/vaadin-field-highlighter-flow-24.1.0.jar:/Users/nareshwar/.m2/repository/com/vaadin/vaadin-grid-flow/24.1.0/vaadin-grid-flow-24.1.0.jar:/Users/nareshwar/.m2/repository/com/vaadin/vaadin-icons-flow/24.1.0/vaadin-icons-flow-24.1.0.jar:/Users/nareshwar/.m2/repository/com/vaadin/vaadin-virtual-list-flow/24.1.0/vaadin-virtual-list-flow-24.1.0.jar:/Users/nareshwar/.m2/repository/com/vaadin/vaadin-list-box-flow/24.1.0/vaadin-list-box-flow-24.1.0.jar:/Users/nareshwar/.m2/repository/com/vaadin/vaadin-login-flow/24.1.0/vaadin-login-flow-24.1.0.jar:/Users/nareshwar/.m2/repository/com/vaadin/vaadin-messages-flow/24.1.0/vaadin-messages-flow-24.1.0.jar:/Users/nareshwar/.m2/repository/com/vaadin/vaadin-ordered-layout-flow/24.1.0/vaadin-ordered-layout-flow-24.1.0.jar:/Users/nareshwar/.m2/repository/com/vaadin/vaadin-progress-bar-flow/24.1.0/vaadin-progress-bar-flow-24.1.0.jar:/Users/nareshwar/.m2/repository/com/vaadin/vaadin-radio-button-flow/24.1.0/vaadin-radio-button-flow-24.1.0.jar:/Users/nareshwar/.m2/repository/com/vaadin/vaadin-renderer-flow/24.1.0/vaadin-renderer-flow-24.1.0.jar:/Users/nareshwar/.m2/repository/com/vaadin/vaadin-split-layout-flow/24.1.0/vaadin-split-layout-flow-24.1.0.jar:/Users/nareshwar/.m2/repository/com/vaadin/vaadin-tabs-flow/24.1.0/vaadin-tabs-flow-24.1.0.jar:/Users/nareshwar/.m2/repository/com/vaadin/vaadin-text-field-flow/24.1.0/vaadin-text-field-flow-24.1.0.jar:/Users/nareshwar/.m2/repository/com/vaadin/vaadin-upload-flow/24.1.0/vaadin-upload-flow-24.1.0.jar:/Users/nareshwar/.m2/repository/com/vaadin/vaadin-notification-flow/24.1.0/vaadin-notification-flow-24.1.0.jar:/Users/nareshwar/.m2/repository/com/vaadin/vaadin-app-layout-flow/24.1.0/vaadin-app-layout-flow-24.1.0.jar:/Users/nareshwar/.m2/repository/com/vaadin/vaadin-context-menu-flow/24.1.0/vaadin-context-menu-flow-24.1.0.jar:/Users/nareshwar/.m2/repository/com/vaadin/vaadin-menu-bar-flow/24.1.0/vaadin-menu-bar-flow-24.1.0.jar:/Users/nareshwar/.m2/repository/com/vaadin/vaadin-board-flow/24.1.0/vaadin-board-flow-24.1.0.jar:/Users/nareshwar/.m2/repository/com/vaadin/vaadin-charts-flow/24.1.0/vaadin-charts-flow-24.1.0.jar:/Users/nareshwar/.m2/repository/com/vaadin/vaadin-cookie-consent-flow/24.1.0/vaadin-cookie-consent-flow-24.1.0.jar:/Users/nareshwar/.m2/repository/com/vaadin/vaadin-crud-flow/24.1.0/vaadin-crud-flow-24.1.0.jar:/Users/nareshwar/.m2/repository/com/vaadin/vaadin-flow-components-base/24.1.0/vaadin-flow-components-base-24.1.0.jar:/Users/nareshwar/.m2/repository/com/vaadin/vaadin-grid-pro-flow/24.1.0/vaadin-grid-pro-flow-24.1.0.jar:/Users/nareshwar/.m2/repository/com/vaadin/vaadin-map-flow/24.1.0/vaadin-map-flow-24.1.0.jar:/Users/nareshwar/.m2/repository/com/vaadin/vaadin-rich-text-editor-flow/24.1.0/vaadin-rich-text-editor-flow-24.1.0.jar:/Users/nareshwar/.m2/repository/com/vaadin/collaboration-engine/6.0.0/collaboration-engine-6.0.0.jar:/Users/nareshwar/.m2/repository/com/fasterxml/jackson/core/jackson-databind/2.14.1/jackson-databind-2.14.1.jar:/Users/nareshwar/.m2/repository/com/fasterxml/jackson/core/jackson-annotations/2.14.1/jackson-annotations-2.14.1.jar:/Users/nareshwar/.m2/repository/com/fasterxml/jackson/datatype/jackson-datatype-jsr310/2.14.1/jackson-datatype-jsr310-2.14.1.jar:/Users/nareshwar/.m2/repository/com/vaadin/license-checker/1.12.0/license-checker-1.12.0.jar:/Users/nareshwar/.m2/repository/com/github/oshi/oshi-core/6.4.0/oshi-core-6.4.0.jar:/Users/nareshwar/.m2/repository/net/java/dev/jna/jna/5.12.1/jna-5.12.1.jar:/Users/nareshwar/.m2/repository/net/java/dev/jna/jna-platform/5.12.1/jna-platform-5.12.1.jar:/Users/nareshwar/.m2/repository/com/nimbusds/nimbus-jose-jwt/9.23/nimbus-jose-jwt-9.23.jar:/Users/nareshwar/.m2/repository/org/lucee/jcip-annotations/1.0.0/jcip-annotations-1.0.0.jar:/Users/nareshwar/.m2/repository/com/vaadin/open/8.5.0/open-8.5.0.jar:/Users/nareshwar/.m2/repository/com/vaadin/vaadin-core/24.1.0/vaadin-core-24.1.0.jar:/Users/nareshwar/.m2/repository/com/vaadin/vaadin-dev/24.1.0/vaadin-dev-24.1.0.jar:/Users/nareshwar/.m2/repository/com/vaadin/vaadin-dev-server/24.1.0/vaadin-dev-server-24.1.0.jar:/Users/nareshwar/.m2/repository/com/github/javaparser/javaparser-core/3.25.3/javaparser-core-3.25.3.jar:/Users/nareshwar/.m2/repository/io/methvin/directory-watcher/0.18.0/directory-watcher-0.18.0.jar:/Users/nareshwar/.m2/repository/com/vaadin/vaadin-dev-bundle/24.1.0/vaadin-dev-bundle-24.1.0.jar:/Users/nareshwar/.m2/repository/jakarta/servlet/jakarta.servlet-api/6.0.0/jakarta.servlet-api-6.0.0.jar:/Users/nareshwar/.m2/repository/org/apache/logging/log4j/log4j-api/2.20.0/log4j-api-2.20.0.jar:/Users/nareshwar/.m2/repository/org/apache/logging/log4j/log4j-core/2.20.0/log4j-core-2.20.0.jar:/Users/nareshwar/.m2/repository/org/junit/jupiter/junit-jupiter/5.10.0/junit-jupiter-5.10.0.jar:/Users/nareshwar/.m2/repository/org/junit/jupiter/junit-jupiter-api/5.10.0/junit-jupiter-api-5.10.0.jar:/Users/nareshwar/.m2/repository/org/opentest4j/opentest4j/1.3.0/opentest4j-1.3.0.jar:/Users/nareshwar/.m2/repository/org/junit/platform/junit-platform-commons/1.10.0/junit-platform-commons-1.10.0.jar:/Users/nareshwar/.m2/repository/org/apiguardian/apiguardian-api/1.1.2/apiguardian-api-1.1.2.jar:/Users/nareshwar/.m2/repository/org/junit/jupiter/junit-jupiter-params/5.10.0/junit-jupiter-params-5.10.0.jar:/Users/nareshwar/.m2/repository/org/junit/jupiter/junit-jupiter-engine/5.10.0/junit-jupiter-engine-5.10.0.jar:/Users/nareshwar/.m2/repository/org/junit/platform/junit-platform-engine/1.10.0/junit-platform-engine-1.10.0.jar:/Users/nareshwar/.m2/repository/org/apache/commons/commons-lang3/3.12.0/commons-lang3-3.12.0.jar:"/>
    <property name="sun.cpu.endian" value="little"/>
    <property name="user.home" value="/Users/nareshwar"/>
    <property name="user.language" value="en"/>
    <property name="java.specification.vendor" value="Oracle Corporation"/>
    <property name="java.version.date" value="2025-04-15"/>
    <property name="java.home" value="/opt/homebrew/Cellar/openjdk/24.0.1/libexec/openjdk.jdk/Contents/Home"/>
    <property name="file.separator" value="/"/>
    <property name="basedir" value="/Users/nareshwar/gitrepos/samplejavaapp"/>
    <property name="java.vm.compressedOopsMode" value="Zero based"/>
    <property name="line.separator" value="&#10;"/>
    <property name="java.vm.specification.vendor" value="Oracle Corporation"/>
    <property name="java.specification.name" value="Java Platform API Specification"/>
    <property name="apple.awt.application.name" value="ForkedBooter"/>
    <property name="surefire.real.class.path" value="/Users/nareshwar/gitrepos/samplejavaapp/target/surefire/surefirebooter-20250726145058622_3.jar"/>
    <property name="sun.management.compiler" value="HotSpot 64-Bit Tiered Compilers"/>
    <property name="ftp.nonProxyHosts" value="local|*.local|169.254/16|*.169.254/16"/>
    <property name="java.runtime.version" value="24.0.1"/>
    <property name="user.name" value="nareshwar"/>
    <property name="stdout.encoding" value="UTF-8"/>
    <property name="path.separator" value=":"/>
    <property name="os.version" value="14.6.1"/>
    <property name="java.runtime.name" value="OpenJDK Runtime Environment"/>
    <property name="file.encoding" value="UTF-8"/>
    <property name="java.vm.name" value="OpenJDK 64-Bit Server VM"/>
    <property name="java.vendor.version" value="Homebrew"/>
    <property name="localRepository" value="/Users/nareshwar/.m2/repository"/>
    <property name="java.vendor.url.bug" value="https://github.com/Homebrew/homebrew-core/issues"/>
    <property name="java.io.tmpdir" value="/var/folders/5z/_cfk738d7ks93h78p4mw93zm0000gn/T/"/>
    <property name="java.version" value="24.0.1"/>
    <property name="user.dir" value="/Users/nareshwar/gitrepos/samplejavaapp"/>
    <property name="os.arch" value="aarch64"/>
    <property name="java.vm.specification.name" value="Java Virtual Machine Specification"/>
    <property name="native.encoding" value="UTF-8"/>
    <property name="java.library.path" value="/Users/nareshwar/Library/Java/Extensions:/Library/Java/Extensions:/Network/Library/Java/Extensions:/System/Library/Java/Extensions:/usr/lib/java:."/>
    <property name="java.vm.info" value="mixed mode, sharing"/>
    <property name="stderr.encoding" value="UTF-8"/>
    <property name="java.vendor" value="Homebrew"/>
    <property name="java.vm.version" value="24.0.1"/>
    <property name="sun.io.unicode.encoding" value="UnicodeBig"/>
    <property name="socksNonProxyHosts" value="local|*.local|169.254/16|*.169.254/16"/>
    <property name="java.class.version" value="68.0"/>
  </properties>
  <testcase name="testGetBundleWithNull" classname="com.devopsdemo.utilities.TestGenericResourceBundle" time="0.001"/>
  <testcase name="testGetPropertiesWithNull" classname="com.devopsdemo.utilities.TestGenericResourceBundle" time="0.0"/>
  <testcase name="testGetBundleWithLocale" classname="com.devopsdemo.utilities.TestGenericResourceBundle" time="0.002"/>
  <testcase name="testGetPropertiesWithEmpty" classname="com.devopsdemo.utilities.TestGenericResourceBundle" time="0.0"/>
  <testcase name="testGetBundleNonexistent" classname="com.devopsdemo.utilities.TestGenericResourceBundle" time="0.001"/>
  <testcase name="testGetBundleInvalid" classname="com.devopsdemo.utilities.TestGenericResourceBundle" time="0.0"/>
  <testcase name="testGetProperties" classname="com.devopsdemo.utilities.TestGenericResourceBundle" time="0.0"/>
  <testcase name="testGetBundleWithNullLocale" classname="com.devopsdemo.utilities.TestGenericResourceBundle" time="0.001"/>
</testsuite>